2024-11-14 14:08:45: Database connection established.
2024-11-14 14:08:45: Database synchronized.
2024-11-14 14:08:45: 服务器运行在端口 8087
2024-11-14 14:08:45: 已经强制关闭浏览器...
2024-11-14 14:08:45: 等待浏览器完全关闭，上一次的任务结束...
2024-11-14 14:08:48: 等待完毕，开始重新执行
2024-11-14 14:08:48: 初始化浏览器...
2024-11-14 14:09:11: Database connection established.
2024-11-14 14:09:11: Database synchronized.
2024-11-14 14:09:11: 服务器运行在端口 8087
2024-11-14 14:09:11: 已经强制关闭浏览器...
2024-11-14 14:09:11: 等待浏览器完全关闭，上一次的任务结束...
2024-11-14 14:09:14: 等待完毕，开始重新执行
2024-11-14 14:09:14: 初始化浏览器...
2024-11-14 14:10:43: Database connection established.
2024-11-14 14:10:43: Database synchronized.
2024-11-14 14:10:43: 服务器运行在端口 8087
2024-11-14 14:10:43: 已经强制关闭浏览器...
2024-11-14 14:10:43: 等待浏览器完全关闭，上一次的任务结束...
2024-11-14 14:10:46: 等待完毕，开始重新执行
2024-11-14 14:10:46: 初始化浏览器...
2024-11-14 14:11:11: Database connection established.
2024-11-14 14:11:11: Database synchronized.
2024-11-14 14:11:11: 服务器运行在端口 8087
2024-11-14 14:11:11: 已经强制关闭浏览器...
2024-11-14 14:11:11: 等待浏览器完全关闭，上一次的任务结束...
2024-11-14 14:11:14: 等待完毕，开始重新执行
2024-11-14 14:11:14: 初始化浏览器...
2024-11-14 14:11:58: Database connection established.
2024-11-14 14:11:58: Database synchronized.
2024-11-14 14:11:58: 服务器运行在端口 8087
2024-11-14 14:11:58: 已经强制关闭浏览器...
2024-11-14 14:11:58: 等待浏览器完全关闭，上一次的任务结束...
2024-11-14 14:12:01: 等待完毕，开始重新执行
2024-11-14 14:12:01: 初始化浏览器...
2024-11-14 14:12:11: Database connection established.
2024-11-14 14:12:11: Database synchronized.
2024-11-14 14:12:11: 服务器运行在端口 8087
2024-11-14 14:12:11: 已经强制关闭浏览器...
2024-11-14 14:12:11: 等待浏览器完全关闭，上一次的任务结束...
2024-11-14 14:12:14: 等待完毕，开始重新执行
2024-11-14 14:12:14: 初始化浏览器...
2024-11-14 14:12:41: Database connection established.
2024-11-14 14:12:41: Database synchronized.
2024-11-14 14:12:41: 服务器运行在端口 8087
2024-11-14 14:12:41: 已经强制关闭浏览器...
2024-11-14 14:12:41: 等待浏览器完全关闭，上一次的任务结束...
2024-11-14 14:12:44: 等待完毕，开始重新执行
2024-11-14 14:12:44: 初始化浏览器...
2024-11-14 14:13:11: Database connection established.
2024-11-14 14:13:11: Database synchronized.
2024-11-14 14:13:11: 服务器运行在端口 8087
2024-11-14 14:13:11: 已经强制关闭浏览器...
2024-11-14 14:13:11: 等待浏览器完全关闭，上一次的任务结束...
2024-11-14 14:13:14: 等待完毕，开始重新执行
2024-11-14 14:13:14: 初始化浏览器...
2024-11-14 14:13:26: Database connection established.
2024-11-14 14:13:26: Database synchronized.
2024-11-14 14:13:26: 服务器运行在端口 8087
2024-11-14 14:13:26: 已经强制关闭浏览器...
2024-11-14 14:13:26: 等待浏览器完全关闭，上一次的任务结束...
2024-11-14 14:13:29: 等待完毕，开始重新执行
2024-11-14 14:13:29: 初始化浏览器...
2024-11-14 14:13:29: 安全的初始化浏览器网页detailPage, 请等待...
2024-11-14 14:13:39: 开始爬取【detailPage】项目详情数据
2024-11-14 14:13:39: detailPage - 1880 项目待爬取
2024-11-14 14:13:39: 【detailPage】开始爬取 Mizar - https://www.rootdata.com/Projects/detail/Mizar?k=NDg3Nw%3D%3D 的详情信息...
2024-11-14 14:13:39: Fetching details for Mizar...
2024-11-14 14:13:41: Database connection established.
2024-11-14 14:13:41: Database synchronized.
2024-11-14 14:13:41: 服务器运行在端口 8087
2024-11-14 14:13:41: 已经强制关闭浏览器...
2024-11-14 14:13:41: 等待浏览器完全关闭，上一次的任务结束...
2024-11-14 14:13:44: 等待完毕，开始重新执行
2024-11-14 14:13:44: 初始化浏览器...
2024-11-14 14:13:44: 安全的初始化浏览器网页detailPage, 请等待...
2024-11-14 14:13:54: 开始爬取【detailPage】项目详情数据
2024-11-14 14:13:54: detailPage - 1880 项目待爬取
2024-11-14 14:13:54: 【detailPage】开始爬取 Mizar - https://www.rootdata.com/Projects/detail/Mizar?k=NDg3Nw%3D%3D 的详情信息...
2024-11-14 14:13:54: Fetching details for Mizar...
2024-11-14 14:13:57: 等待打开详情页。。。。。。
2024-11-14 14:14:11: Database connection established.
2024-11-14 14:14:11: Database synchronized.
2024-11-14 14:14:11: 服务器运行在端口 8087
2024-11-14 14:14:11: 已经强制关闭浏览器...
2024-11-14 14:14:11: 等待浏览器完全关闭，上一次的任务结束...
2024-11-14 14:14:14: 等待完毕，开始重新执行
2024-11-14 14:14:14: 初始化浏览器...
2024-11-14 14:14:14: 安全的初始化浏览器网页detailPage, 请等待...
2024-11-14 14:14:24: 开始爬取【detailPage】项目详情数据
2024-11-14 14:14:24: detailPage - 1880 项目待爬取
2024-11-14 14:14:24: 【detailPage】开始爬取 Mizar - https://www.rootdata.com/Projects/detail/Mizar?k=NDg3Nw%3D%3D 的详情信息...
2024-11-14 14:14:24: Fetching details for Mizar...
2024-11-14 14:14:27: 等待打开详情页。。。。。。
2024-11-14 14:14:41: Database connection established.
2024-11-14 14:14:41: Database synchronized.
2024-11-14 14:14:41: 服务器运行在端口 8087
2024-11-14 14:14:41: 已经强制关闭浏览器...
2024-11-14 14:14:41: 等待浏览器完全关闭，上一次的任务结束...
2024-11-14 14:14:44: 等待完毕，开始重新执行
2024-11-14 14:14:44: 初始化浏览器...
2024-11-14 14:14:44: 安全的初始化浏览器网页detailPage, 请等待...
2024-11-14 14:15:55: Database connection established.
2024-11-14 14:15:55: Database synchronized.
2024-11-14 14:15:55: 服务器运行在端口 8087
2024-11-14 14:15:55: 已经强制关闭浏览器...
2024-11-14 14:15:55: 等待浏览器完全关闭，上一次的任务结束...
2024-11-14 14:15:58: 等待完毕，开始重新执行
2024-11-14 14:15:58: 初始化浏览器...
2024-11-14 14:15:58: 安全的初始化浏览器网页detailPage, 请等待...
2024-11-14 14:16:08: 开始爬取【detailPage】项目详情数据
2024-11-14 14:16:08: detailPage - 1880 项目待爬取
2024-11-14 14:16:08: 【detailPage】开始爬取 Mizar - https://www.rootdata.com/Projects/detail/Mizar?k=NDg3Nw%3D%3D 的详情信息...
2024-11-14 14:16:08: Fetching details for Mizar...
2024-11-14 14:16:11: Database connection established.
2024-11-14 14:16:11: Database synchronized.
2024-11-14 14:16:11: 服务器运行在端口 8087
2024-11-14 14:16:11: 已经强制关闭浏览器...
2024-11-14 14:16:11: 等待浏览器完全关闭，上一次的任务结束...
2024-11-14 14:16:14: 等待完毕，开始重新执行
2024-11-14 14:16:14: 初始化浏览器...
2024-11-14 14:16:14: 安全的初始化浏览器网页detailPage, 请等待...
2024-11-14 14:16:24: 开始爬取【detailPage】项目详情数据
2024-11-14 14:16:24: detailPage - 1880 项目待爬取
2024-11-14 14:16:24: 【detailPage】开始爬取 Mizar - https://www.rootdata.com/Projects/detail/Mizar?k=NDg3Nw%3D%3D 的详情信息...
2024-11-14 14:16:24: Fetching details for Mizar...
2024-11-14 14:16:27: 等待打开详情页。。。。。。
2024-11-14 14:16:41: Database connection established.
2024-11-14 14:16:41: Database synchronized.
2024-11-14 14:16:41: 服务器运行在端口 8087
2024-11-14 14:16:41: 已经强制关闭浏览器...
2024-11-14 14:16:41: 等待浏览器完全关闭，上一次的任务结束...
2024-11-14 14:16:44: 等待完毕，开始重新执行
2024-11-14 14:16:44: 初始化浏览器...
2024-11-14 14:16:44: 安全的初始化浏览器网页detailPage, 请等待...
2024-11-14 14:16:54: 开始爬取【detailPage】项目详情数据
2024-11-14 14:16:54: detailPage - 1880 项目待爬取
2024-11-14 14:16:54: 【detailPage】开始爬取 Mizar - https://www.rootdata.com/Projects/detail/Mizar?k=NDg3Nw%3D%3D 的详情信息...
2024-11-14 14:16:54: Fetching details for Mizar...
2024-11-14 14:16:57: 等待打开详情页。。。。。。
